# JRE version: Java(TM) SE Runtime Environment (8.0_271-b09) (build 1.8.0_271-b09)
# Java VM: Java HotSpot(TM) 64-Bit Server VM (25.271-b09 mixed mode bsd-amd64 compressed oops)
Heap:
 PSYoungGen      total 735232K, used 730789K [0x000000076ab00000, 0x000000079ce80000, 0x00000007c0000000)
  eden space 688640K, 100% used [0x000000076ab00000,0x0000000794b80000,0x0000000794b80000)
  from space 46592K, 90% used [0x0000000797d80000,0x000000079a6a9670,0x000000079ab00000)
  to   space 51200K, 0% used [0x0000000794b80000,0x0000000794b80000,0x0000000797d80000)
 ParOldGen       total 189440K, used 67606K [0x00000006c0000000, 0x00000006cb900000, 0x000000076ab00000)
  object space 189440K, 35% used [0x00000006c0000000,0x00000006c4205ab0,0x00000006cb900000)
 Metaspace       used 55329K, capacity 57732K, committed 57856K, reserved 1099776K
  class space    used 6478K, capacity 7119K, committed 7168K, reserved 1048576K
GC Heap History (10 events):
Event: 12.141 GC heap before
{Heap before GC invocations=8 (full 1):
 PSYoungGen      total 369664K, used 126630K [0x000000076ab00000, 0x0000000788580000, 0x00000007c0000000)
  eden space 337408K, 29% used [0x000000076ab00000,0x0000000770d005d0,0x000000077f480000)
  from space 32256K, 81% used [0x0000000781680000,0x00000007830294c0,0x0000000783600000)
  to   space 34816K, 0% used [0x000000077f480000,0x000000077f480000,0x0000000781680000)
 ParOldGen       total 111104K, used 46615K [0x00000006c0000000, 0x00000006c6c80000, 0x000000076ab00000)
  object space 111104K, 41% used [0x00000006c0000000,0x00000006c2d85ce0,0x00000006c6c80000)
 Metaspace       used 34263K, capacity 35368K, committed 35496K, reserved 1081344K
  class space    used 3962K, capacity 4280K, committed 4352K, reserved 1048576K
Event: 12.165 GC heap after
Heap after GC invocations=8 (full 1):
 PSYoungGen      total 372224K, used 26845K [0x000000076ab00000, 0x0000000790d00000, 0x00000007c0000000)
  eden space 337408K, 0% used [0x000000076ab00000,0x000000076ab00000,0x000000077f480000)
  from space 34816K, 77% used [0x000000077f480000,0x0000000780eb7688,0x0000000781680000)
  to   space 36352K, 0% used [0x000000078e980000,0x000000078e980000,0x0000000790d00000)
 ParOldGen       total 111104K, used 46623K [0x00000006c0000000, 0x00000006c6c80000, 0x000000076ab00000)
  object space 111104K, 41% used [0x00000006c0000000,0x00000006c2d87ce0,0x00000006c6c80000)
 Metaspace       used 34263K, capacity 35368K, committed 35496K, reserved 1081344K
  class space    used 3962K, capacity 4280K, committed 4352K, reserved 1048576K
}
Event: 12.165 GC heap before
{Heap before GC invocations=9 (full 2):
 PSYoungGen      total 372224K, used 26845K [0x000000076ab00000, 0x0000000790d00000, 0x00000007c0000000)
  eden space 337408K, 0% used [0x000000076ab00000,0x000000076ab00000,0x000000077f480000)
  from space 34816K, 77% used [0x000000077f480000,0x0000000780eb7688,0x0000000781680000)
  to   space 36352K, 0% used [0x000000078e980000,0x000000078e980000,0x0000000790d00000)
 ParOldGen       total 111104K, used 46623K [0x00000006c0000000, 0x00000006c6c80000, 0x000000076ab00000)
  object space 111104K, 41% used [0x00000006c0000000,0x00000006c2d87ce0,0x00000006c6c80000)
 Metaspace       used 34263K, capacity 35368K, committed 35496K, reserved 1081344K
  class space    used 3962K, capacity 4280K, committed 4352K, reserved 1048576K
Event: 12.271 GC heap after
Heap after GC invocations=9 (full 2):
 PSYoungGen      total 372224K, used 0K [0x000000076ab00000, 0x0000000790d00000, 0x00000007c0000000)
  eden space 337408K, 0% used [0x000000076ab00000,0x000000076ab00000,0x000000077f480000)
  from space 34816K, 0% used [0x000000077f480000,0x000000077f480000,0x0000000781680000)
  to   space 36352K, 0% used [0x000000078e980000,0x000000078e980000,0x0000000790d00000)
 ParOldGen       total 189440K, used 46005K [0x00000006c0000000, 0x00000006cb900000, 0x000000076ab00000)
  object space 189440K, 24% used [0x00000006c0000000,0x00000006c2ced408,0x00000006cb900000)
 Metaspace       used 26629K, capacity 27468K, committed 35496K, reserved 1081344K
  class space    used 3019K, capacity 3245K, committed 4352K, reserved 1048576K
}
Event: 15.373 GC heap before
{Heap before GC invocations=10 (full 2):
 PSYoungGen      total 372224K, used 337408K [0x000000076ab00000, 0x0000000790d00000, 0x00000007c0000000)
  eden space 337408K, 100% used [0x000000076ab00000,0x000000077f480000,0x000000077f480000)
  from space 34816K, 0% used [0x000000077f480000,0x000000077f480000,0x0000000781680000)
  to   space 36352K, 0% used [0x000000078e980000,0x000000078e980000,0x0000000790d00000)
 ParOldGen       total 189440K, used 46005K [0x00000006c0000000, 0x00000006cb900000, 0x000000076ab00000)
  object space 189440K, 24% used [0x00000006c0000000,0x00000006c2ced408,0x00000006cb900000)
 Metaspace       used 32651K, capacity 33764K, committed 35496K, reserved 1081344K
  class space    used 3792K, capacity 4101K, committed 4352K, reserved 1048576K
Event: 15.393 GC heap after
Heap after GC invocations=10 (full 2):
 PSYoungGen      total 556544K, used 30824K [0x000000076ab00000, 0x0000000790800000, 0x00000007c0000000)
  eden space 525312K, 0% used [0x000000076ab00000,0x000000076ab00000,0x000000078ac00000)
  from space 31232K, 98% used [0x000000078e980000,0x000000079079a0e8,0x0000000790800000)
  to   space 39424K, 0% used [0x000000078bb00000,0x000000078bb00000,0x000000078e180000)
 ParOldGen       total 189440K, used 46013K [0x00000006c0000000, 0x00000006cb900000, 0x000000076ab00000)
  object space 189440K, 24% used [0x00000006c0000000,0x00000006c2cef408,0x00000006cb900000)
 Metaspace       used 32651K, capacity 33764K, committed 35496K, reserved 1081344K
  class space    used 3792K, capacity 4101K, committed 4352K, reserved 1048576K
}
Event: 19.222 GC heap before
{Heap before GC invocations=11 (full 2):
 PSYoungGen      total 556544K, used 556136K [0x000000076ab00000, 0x0000000790800000, 0x00000007c0000000)
  eden space 525312K, 100% used [0x000000076ab00000,0x000000078ac00000,0x000000078ac00000)
  from space 31232K, 98% used [0x000000078e980000,0x000000079079a0e8,0x0000000790800000)
  to   space 39424K, 0% used [0x000000078bb00000,0x000000078bb00000,0x000000078e180000)
 ParOldGen       total 189440K, used 46013K [0x00000006c0000000, 0x00000006cb900000, 0x000000076ab00000)
  object space 189440K, 24% used [0x00000006c0000000,0x00000006c2cef408,0x00000006cb900000)
 Metaspace       used 39478K, capacity 41008K, committed 41216K, reserved 1085440K
  class space    used 4599K, capacity 5026K, committed 5120K, reserved 1048576K
Event: 19.261 GC heap after
Heap after GC invocations=11 (full 2):
 PSYoungGen      total 580096K, used 39407K [0x000000076ab00000, 0x000000079ab00000, 0x00000007c0000000)
  eden space 540672K, 0% used [0x000000076ab00000,0x000000076ab00000,0x000000078bb00000)
  from space 39424K, 99% used [0x000000078bb00000,0x000000078e17bd00,0x000000078e180000)
  to   space 46592K, 0% used [0x0000000797d80000,0x0000000797d80000,0x000000079ab00000)
 ParOldGen       total 189440K, used 51112K [0x00000006c0000000, 0x00000006cb900000, 0x000000076ab00000)
  object space 189440K, 26% used [0x00000006c0000000,0x00000006c31ea0f0,0x00000006cb900000)
 Metaspace       used 39478K, capacity 41008K, committed 41216K, reserved 1085440K
  class space    used 4599K, capacity 5026K, committed 5120K, reserved 1048576K
}
Event: 23.064 GC heap before
{Heap before GC invocations=12 (full 2):
 PSYoungGen      total 580096K, used 580079K [0x000000076ab00000, 0x000000079ab00000, 0x00000007c0000000)
  eden space 540672K, 100% used [0x000000076ab00000,0x000000078bb00000,0x000000078bb00000)
  from space 39424K, 99% used [0x000000078bb00000,0x000000078e17bd00,0x000000078e180000)
  to   space 46592K, 0% used [0x0000000797d80000,0x0000000797d80000,0x000000079ab00000)
 ParOldGen       total 189440K, used 51112K [0x00000006c0000000, 0x00000006cb900000, 0x000000076ab00000)
  object space 189440K, 26% used [0x00000006c0000000,0x00000006c31ea0f0,0x00000006cb900000)
 Metaspace       used 46151K, capacity 48066K, committed 48256K, reserved 1091584K
  class space    used 5387K, capacity 5903K, committed 6016K, reserved 1048576K
Event: 23.138 GC heap after
Heap after GC invocations=12 (full 2):
 PSYoungGen      total 735232K, used 42149K [0x000000076ab00000, 0x000000079ce80000, 0x00000007c0000000)
  eden space 688640K, 0% used [0x000000076ab00000,0x000000076ab00000,0x0000000794b80000)
  from space 46592K, 90% used [0x0000000797d80000,0x000000079a6a9670,0x000000079ab00000)
  to   space 51200K, 0% used [0x0000000794b80000,0x0000000794b80000,0x0000000797d80000)
 ParOldGen       total 189440K, used 67606K [0x00000006c0000000, 0x00000006cb900000, 0x000000076ab00000)
  object space 189440K, 35% used [0x00000006c0000000,0x00000006c4205ab0,0x00000006cb900000)
 Metaspace       used 46151K, capacity 48066K, committed 48256K, reserved 1091584K
  class space    used 5387K, capacity 5903K, committed 6016K, reserved 1048576K
}

