# JRE version: Java(TM) SE Runtime Environment (8.0_271-b09) (build 1.8.0_271-b09)
# Java VM: Java HotSpot(TM) 64-Bit Server VM (25.271-b09 mixed mode bsd-amd64 compressed oops)
Heap:
 PSYoungGen      total 791552K, used 666436K [0x000000076ab00000, 0x000000079ee00000, 0x00000007c0000000)
  eden space 742912K, 84% used [0x000000076ab00000,0x0000000790e352c0,0x0000000798080000)
  from space 48640K, 83% used [0x000000079b380000,0x000000079db1c0a8,0x000000079e300000)
  to   space 52224K, 0% used [0x0000000798080000,0x0000000798080000,0x000000079b380000)
 ParOldGen       total 182784K, used 72789K [0x00000006c0000000, 0x00000006cb280000, 0x000000076ab00000)
  object space 182784K, 39% used [0x00000006c0000000,0x00000006c47156f0,0x00000006cb280000)
 Metaspace       used 55352K, capacity 57800K, committed 58112K, reserved 1099776K
  class space    used 6478K, capacity 7119K, committed 7168K, reserved 1048576K
GC Heap History (10 events):
Event: 11.728 GC heap before
{Heap before GC invocations=8 (full 1):
 PSYoungGen      total 376832K, used 124865K [0x000000076ab00000, 0x0000000788a00000, 0x00000007c0000000)
  eden space 344576K, 28% used [0x000000076ab00000,0x0000000770b95670,0x000000077fb80000)
  from space 32256K, 80% used [0x0000000781d80000,0x00000007836dadf8,0x0000000783d00000)
  to   space 34816K, 0% used [0x000000077fb80000,0x000000077fb80000,0x0000000781d80000)
 ParOldGen       total 109568K, used 46511K [0x00000006c0000000, 0x00000006c6b00000, 0x000000076ab00000)
  object space 109568K, 42% used [0x00000006c0000000,0x00000006c2d6bde8,0x00000006c6b00000)
 Metaspace       used 34200K, capacity 35372K, committed 35496K, reserved 1081344K
  class space    used 3957K, capacity 4280K, committed 4352K, reserved 1048576K
Event: 11.758 GC heap after
Heap after GC invocations=8 (full 1):
 PSYoungGen      total 379392K, used 27099K [0x000000076ab00000, 0x0000000792100000, 0x00000007c0000000)
  eden space 344576K, 0% used [0x000000076ab00000,0x000000076ab00000,0x000000077fb80000)
  from space 34816K, 77% used [0x000000077fb80000,0x00000007815f6f90,0x0000000781d80000)
  to   space 36352K, 0% used [0x000000078fd80000,0x000000078fd80000,0x0000000792100000)
 ParOldGen       total 109568K, used 46511K [0x00000006c0000000, 0x00000006c6b00000, 0x000000076ab00000)
  object space 109568K, 42% used [0x00000006c0000000,0x00000006c2d6bde8,0x00000006c6b00000)
 Metaspace       used 34200K, capacity 35372K, committed 35496K, reserved 1081344K
  class space    used 3957K, capacity 4280K, committed 4352K, reserved 1048576K
}
Event: 11.758 GC heap before
{Heap before GC invocations=9 (full 2):
 PSYoungGen      total 379392K, used 27099K [0x000000076ab00000, 0x0000000792100000, 0x00000007c0000000)
  eden space 344576K, 0% used [0x000000076ab00000,0x000000076ab00000,0x000000077fb80000)
  from space 34816K, 77% used [0x000000077fb80000,0x00000007815f6f90,0x0000000781d80000)
  to   space 36352K, 0% used [0x000000078fd80000,0x000000078fd80000,0x0000000792100000)
 ParOldGen       total 109568K, used 46511K [0x00000006c0000000, 0x00000006c6b00000, 0x000000076ab00000)
  object space 109568K, 42% used [0x00000006c0000000,0x00000006c2d6bde8,0x00000006c6b00000)
 Metaspace       used 34200K, capacity 35372K, committed 35496K, reserved 1081344K
  class space    used 3957K, capacity 4280K, committed 4352K, reserved 1048576K
Event: 11.846 GC heap after
Heap after GC invocations=9 (full 2):
 PSYoungGen      total 379392K, used 0K [0x000000076ab00000, 0x0000000792100000, 0x00000007c0000000)
  eden space 344576K, 0% used [0x000000076ab00000,0x000000076ab00000,0x000000077fb80000)
  from space 34816K, 0% used [0x000000077fb80000,0x000000077fb80000,0x0000000781d80000)
  to   space 36352K, 0% used [0x000000078fd80000,0x000000078fd80000,0x0000000792100000)
 ParOldGen       total 182784K, used 46299K [0x00000006c0000000, 0x00000006cb280000, 0x000000076ab00000)
  object space 182784K, 25% used [0x00000006c0000000,0x00000006c2d36e70,0x00000006cb280000)
 Metaspace       used 26564K, capacity 27408K, committed 35496K, reserved 1081344K
  class space    used 3014K, capacity 3245K, committed 4352K, reserved 1048576K
}
Event: 14.991 GC heap before
{Heap before GC invocations=10 (full 2):
 PSYoungGen      total 379392K, used 344576K [0x000000076ab00000, 0x0000000792100000, 0x00000007c0000000)
  eden space 344576K, 100% used [0x000000076ab00000,0x000000077fb80000,0x000000077fb80000)
  from space 34816K, 0% used [0x000000077fb80000,0x000000077fb80000,0x0000000781d80000)
  to   space 36352K, 0% used [0x000000078fd80000,0x000000078fd80000,0x0000000792100000)
 ParOldGen       total 182784K, used 46299K [0x00000006c0000000, 0x00000006cb280000, 0x000000076ab00000)
  object space 182784K, 25% used [0x00000006c0000000,0x00000006c2d36e70,0x00000006cb280000)
 Metaspace       used 32714K, capacity 33940K, committed 35496K, reserved 1081344K
  class space    used 3802K, capacity 4135K, committed 4352K, reserved 1048576K
Event: 15.013 GC heap after
Heap after GC invocations=10 (full 2):
 PSYoungGen      total 585216K, used 31406K [0x000000076ab00000, 0x0000000791c80000, 0x00000007c0000000)
  eden space 553472K, 0% used [0x000000076ab00000,0x000000076ab00000,0x000000078c780000)
  from space 31744K, 98% used [0x000000078fd80000,0x0000000791c2bb40,0x0000000791c80000)
  to   space 39424K, 0% used [0x000000078cf80000,0x000000078cf80000,0x000000078f600000)
 ParOldGen       total 182784K, used 46307K [0x00000006c0000000, 0x00000006cb280000, 0x000000076ab00000)
  object space 182784K, 25% used [0x00000006c0000000,0x00000006c2d38e70,0x00000006cb280000)
 Metaspace       used 32714K, capacity 33940K, committed 35496K, reserved 1081344K
  class space    used 3802K, capacity 4135K, committed 4352K, reserved 1048576K
}
Event: 18.835 GC heap before
{Heap before GC invocations=11 (full 2):
 PSYoungGen      total 585216K, used 584878K [0x000000076ab00000, 0x0000000791c80000, 0x00000007c0000000)
  eden space 553472K, 100% used [0x000000076ab00000,0x000000078c780000,0x000000078c780000)
  from space 31744K, 98% used [0x000000078fd80000,0x0000000791c2bb40,0x0000000791c80000)
  to   space 39424K, 0% used [0x000000078cf80000,0x000000078cf80000,0x000000078f600000)
 ParOldGen       total 182784K, used 46307K [0x00000006c0000000, 0x00000006cb280000, 0x000000076ab00000)
  object space 182784K, 25% used [0x00000006c0000000,0x00000006c2d38e70,0x00000006cb280000)
 Metaspace       used 39564K, capacity 41268K, committed 41472K, reserved 1085440K
  class space    used 4600K, capacity 5026K, committed 5120K, reserved 1048576K
Event: 18.876 GC heap after
Heap after GC invocations=11 (full 2):
 PSYoungGen      total 601088K, used 39401K [0x000000076ab00000, 0x000000079e300000, 0x00000007c0000000)
  eden space 561664K, 0% used [0x000000076ab00000,0x000000076ab00000,0x000000078cf80000)
  from space 39424K, 99% used [0x000000078cf80000,0x000000078f5fa5d0,0x000000078f600000)
  to   space 48640K, 0% used [0x000000079b380000,0x000000079b380000,0x000000079e300000)
 ParOldGen       total 182784K, used 56238K [0x00000006c0000000, 0x00000006cb280000, 0x000000076ab00000)
  object space 182784K, 30% used [0x00000006c0000000,0x00000006c36eb880,0x00000006cb280000)
 Metaspace       used 39564K, capacity 41268K, committed 41472K, reserved 1085440K
  class space    used 4600K, capacity 5026K, committed 5120K, reserved 1048576K
}
Event: 22.694 GC heap before
{Heap before GC invocations=12 (full 2):
 PSYoungGen      total 601088K, used 601065K [0x000000076ab00000, 0x000000079e300000, 0x00000007c0000000)
  eden space 561664K, 100% used [0x000000076ab00000,0x000000078cf80000,0x000000078cf80000)
  from space 39424K, 99% used [0x000000078cf80000,0x000000078f5fa5d0,0x000000078f600000)
  to   space 48640K, 0% used [0x000000079b380000,0x000000079b380000,0x000000079e300000)
 ParOldGen       total 182784K, used 56238K [0x00000006c0000000, 0x00000006cb280000, 0x000000076ab00000)
  object space 182784K, 30% used [0x00000006c0000000,0x00000006c36eb880,0x00000006cb280000)
 Metaspace       used 46906K, capacity 48978K, committed 49024K, reserved 1091584K
  class space    used 5462K, capacity 6014K, committed 6016K, reserved 1048576K
Event: 22.737 GC heap after
Heap after GC invocations=12 (full 2):
 PSYoungGen      total 791552K, used 40560K [0x000000076ab00000, 0x000000079ee00000, 0x00000007c0000000)
  eden space 742912K, 0% used [0x000000076ab00000,0x000000076ab00000,0x0000000798080000)
  from space 48640K, 83% used [0x000000079b380000,0x000000079db1c0a8,0x000000079e300000)
  to   space 52224K, 0% used [0x0000000798080000,0x0000000798080000,0x000000079b380000)
 ParOldGen       total 182784K, used 72789K [0x00000006c0000000, 0x00000006cb280000, 0x000000076ab00000)
  object space 182784K, 39% used [0x00000006c0000000,0x00000006c47156f0,0x00000006cb280000)
 Metaspace       used 46906K, capacity 48978K, committed 49024K, reserved 1091584K
  class space    used 5462K, capacity 6014K, committed 6016K, reserved 1048576K
}

