# JRE version: Java(TM) SE Runtime Environment (8.0_271-b09) (build 1.8.0_271-b09)
# Java VM: Java HotSpot(TM) 64-Bit Server VM (25.271-b09 mixed mode bsd-amd64 compressed oops)
Heap:
 PSYoungGen      total 39936K, used 22832K [0x000000076ab00000, 0x000000076d580000, 0x00000007c0000000)
  eden space 36352K, 56% used [0x000000076ab00000,0x000000076bf20288,0x000000076ce80000)
  from space 3584K, 62% used [0x000000076d200000,0x000000076d42c010,0x000000076d580000)
  to   space 3584K, 0% used [0x000000076ce80000,0x000000076ce80000,0x000000076d200000)
 ParOldGen       total 214016K, used 132657K [0x00000006c0000000, 0x00000006cd100000, 0x000000076ab00000)
  object space 214016K, 61% used [0x00000006c0000000,0x00000006c818c4b8,0x00000006cd100000)
 Metaspace       used 44733K, capacity 47418K, committed 48256K, reserved 1091584K
  class space    used 5840K, capacity 6322K, committed 6528K, reserved 1048576K
GC Heap History (10 events):
Event: 662349.156 GC heap before
{Heap before GC invocations=3908 (full 4):
 PSYoungGen      total 39936K, used 39024K [0x000000076ab00000, 0x000000076d580000, 0x00000007c0000000)
  eden space 36352K, 100% used [0x000000076ab00000,0x000000076ce80000,0x000000076ce80000)
  from space 3584K, 74% used [0x000000076ce80000,0x000000076d11c010,0x000000076d200000)
  to   space 3584K, 0% used [0x000000076d200000,0x000000076d200000,0x000000076d580000)
 ParOldGen       total 214016K, used 132249K [0x00000006c0000000, 0x00000006cd100000, 0x000000076ab00000)
  object space 214016K, 61% used [0x00000006c0000000,0x00000006c81264b8,0x00000006cd100000)
 Metaspace       used 44733K, capacity 47418K, committed 48256K, reserved 1091584K
  class space    used 5840K, capacity 6322K, committed 6528K, reserved 1048576K
Event: 662349.166 GC heap after
Heap after GC invocations=3908 (full 4):
 PSYoungGen      total 39936K, used 2624K [0x000000076ab00000, 0x000000076d580000, 0x00000007c0000000)
  eden space 36352K, 0% used [0x000000076ab00000,0x000000076ab00000,0x000000076ce80000)
  from space 3584K, 73% used [0x000000076d200000,0x000000076d490000,0x000000076d580000)
  to   space 3584K, 0% used [0x000000076ce80000,0x000000076ce80000,0x000000076d200000)
 ParOldGen       total 214016K, used 132289K [0x00000006c0000000, 0x00000006cd100000, 0x000000076ab00000)
  object space 214016K, 61% used [0x00000006c0000000,0x00000006c81304b8,0x00000006cd100000)
 Metaspace       used 44733K, capacity 47418K, committed 48256K, reserved 1091584K
  class space    used 5840K, capacity 6322K, committed 6528K, reserved 1048576K
}
Event: 662391.289 GC heap before
{Heap before GC invocations=3909 (full 4):
 PSYoungGen      total 39936K, used 38976K [0x000000076ab00000, 0x000000076d580000, 0x00000007c0000000)
  eden space 36352K, 100% used [0x000000076ab00000,0x000000076ce80000,0x000000076ce80000)
  from space 3584K, 73% used [0x000000076d200000,0x000000076d490000,0x000000076d580000)
  to   space 3584K, 0% used [0x000000076ce80000,0x000000076ce80000,0x000000076d200000)
 ParOldGen       total 214016K, used 132289K [0x00000006c0000000, 0x00000006cd100000, 0x000000076ab00000)
  object space 214016K, 61% used [0x00000006c0000000,0x00000006c81304b8,0x00000006cd100000)
 Metaspace       used 44733K, capacity 47418K, committed 48256K, reserved 1091584K
  class space    used 5840K, capacity 6322K, committed 6528K, reserved 1048576K
Event: 662391.299 GC heap after
Heap after GC invocations=3909 (full 4):
 PSYoungGen      total 39936K, used 2608K [0x000000076ab00000, 0x000000076d580000, 0x00000007c0000000)
  eden space 36352K, 0% used [0x000000076ab00000,0x000000076ab00000,0x000000076ce80000)
  from space 3584K, 72% used [0x000000076ce80000,0x000000076d10c010,0x000000076d200000)
  to   space 3584K, 0% used [0x000000076d200000,0x000000076d200000,0x000000076d580000)
 ParOldGen       total 214016K, used 132369K [0x00000006c0000000, 0x00000006cd100000, 0x000000076ab00000)
  object space 214016K, 61% used [0x00000006c0000000,0x00000006c81444b8,0x00000006cd100000)
 Metaspace       used 44733K, capacity 47418K, committed 48256K, reserved 1091584K
  class space    used 5840K, capacity 6322K, committed 6528K, reserved 1048576K
}
Event: 662433.460 GC heap before
{Heap before GC invocations=3910 (full 4):
 PSYoungGen      total 39936K, used 38960K [0x000000076ab00000, 0x000000076d580000, 0x00000007c0000000)
  eden space 36352K, 100% used [0x000000076ab00000,0x000000076ce80000,0x000000076ce80000)
  from space 3584K, 72% used [0x000000076ce80000,0x000000076d10c010,0x000000076d200000)
  to   space 3584K, 0% used [0x000000076d200000,0x000000076d200000,0x000000076d580000)
 ParOldGen       total 214016K, used 132369K [0x00000006c0000000, 0x00000006cd100000, 0x000000076ab00000)
  object space 214016K, 61% used [0x00000006c0000000,0x00000006c81444b8,0x00000006cd100000)
 Metaspace       used 44733K, capacity 47418K, committed 48256K, reserved 1091584K
  class space    used 5840K, capacity 6322K, committed 6528K, reserved 1048576K
Event: 662433.470 GC heap after
Heap after GC invocations=3910 (full 4):
 PSYoungGen      total 39936K, used 2384K [0x000000076ab00000, 0x000000076d580000, 0x00000007c0000000)
  eden space 36352K, 0% used [0x000000076ab00000,0x000000076ab00000,0x000000076ce80000)
  from space 3584K, 66% used [0x000000076d200000,0x000000076d454010,0x000000076d580000)
  to   space 3584K, 0% used [0x000000076ce80000,0x000000076ce80000,0x000000076d200000)
 ParOldGen       total 214016K, used 132489K [0x00000006c0000000, 0x00000006cd100000, 0x000000076ab00000)
  object space 214016K, 61% used [0x00000006c0000000,0x00000006c81624b8,0x00000006cd100000)
 Metaspace       used 44733K, capacity 47418K, committed 48256K, reserved 1091584K
  class space    used 5840K, capacity 6322K, committed 6528K, reserved 1048576K
}
Event: 662475.651 GC heap before
{Heap before GC invocations=3911 (full 4):
 PSYoungGen      total 39936K, used 38736K [0x000000076ab00000, 0x000000076d580000, 0x00000007c0000000)
  eden space 36352K, 100% used [0x000000076ab00000,0x000000076ce80000,0x000000076ce80000)
  from space 3584K, 66% used [0x000000076d200000,0x000000076d454010,0x000000076d580000)
  to   space 3584K, 0% used [0x000000076ce80000,0x000000076ce80000,0x000000076d200000)
 ParOldGen       total 214016K, used 132489K [0x00000006c0000000, 0x00000006cd100000, 0x000000076ab00000)
  object space 214016K, 61% used [0x00000006c0000000,0x00000006c81624b8,0x00000006cd100000)
 Metaspace       used 44733K, capacity 47418K, committed 48256K, reserved 1091584K
  class space    used 5840K, capacity 6322K, committed 6528K, reserved 1048576K
Event: 662475.663 GC heap after
Heap after GC invocations=3911 (full 4):
 PSYoungGen      total 39936K, used 2512K [0x000000076ab00000, 0x000000076d580000, 0x00000007c0000000)
  eden space 36352K, 0% used [0x000000076ab00000,0x000000076ab00000,0x000000076ce80000)
  from space 3584K, 70% used [0x000000076ce80000,0x000000076d0f4010,0x000000076d200000)
  to   space 3584K, 0% used [0x000000076d200000,0x000000076d200000,0x000000076d580000)
 ParOldGen       total 214016K, used 132569K [0x00000006c0000000, 0x00000006cd100000, 0x000000076ab00000)
  object space 214016K, 61% used [0x00000006c0000000,0x00000006c81764b8,0x00000006cd100000)
 Metaspace       used 44733K, capacity 47418K, committed 48256K, reserved 1091584K
  class space    used 5840K, capacity 6322K, committed 6528K, reserved 1048576K
}
Event: 662511.820 GC heap before
{Heap before GC invocations=3912 (full 4):
 PSYoungGen      total 39936K, used 38864K [0x000000076ab00000, 0x000000076d580000, 0x00000007c0000000)
  eden space 36352K, 100% used [0x000000076ab00000,0x000000076ce80000,0x000000076ce80000)
  from space 3584K, 70% used [0x000000076ce80000,0x000000076d0f4010,0x000000076d200000)
  to   space 3584K, 0% used [0x000000076d200000,0x000000076d200000,0x000000076d580000)
 ParOldGen       total 214016K, used 132569K [0x00000006c0000000, 0x00000006cd100000, 0x000000076ab00000)
  object space 214016K, 61% used [0x00000006c0000000,0x00000006c81764b8,0x00000006cd100000)
 Metaspace       used 44733K, capacity 47418K, committed 48256K, reserved 1091584K
  class space    used 5840K, capacity 6322K, committed 6528K, reserved 1048576K
Event: 662511.828 GC heap after
Heap after GC invocations=3912 (full 4):
 PSYoungGen      total 39936K, used 2224K [0x000000076ab00000, 0x000000076d580000, 0x00000007c0000000)
  eden space 36352K, 0% used [0x000000076ab00000,0x000000076ab00000,0x000000076ce80000)
  from space 3584K, 62% used [0x000000076d200000,0x000000076d42c010,0x000000076d580000)
  to   space 3584K, 0% used [0x000000076ce80000,0x000000076ce80000,0x000000076d200000)
 ParOldGen       total 214016K, used 132657K [0x00000006c0000000, 0x00000006cd100000, 0x000000076ab00000)
  object space 214016K, 61% used [0x00000006c0000000,0x00000006c818c4b8,0x00000006cd100000)
 Metaspace       used 44733K, capacity 47418K, committed 48256K, reserved 1091584K
  class space    used 5840K, capacity 6322K, committed 6528K, reserved 1048576K
}

